0 info it worked if it ends with ok
1 verbose cli [ '/usr/bin/node', '/usr/bin/npm', 'install', 'fs' ]
2 info using npm@1.2.25
3 info using node@v0.10.10
4 verbose node symlink /usr/bin/node
5 verbose read json /home/artiom/Bureau/Projets en cours/MyTchat/simply-talk/private/package.json
6 warn package.json MyTchat@0.1.0 No repository field.
7 verbose read json /home/artiom/Bureau/Projets en cours/MyTchat/simply-talk/private/node_modules/MD5/package.json
8 verbose read json /home/artiom/Bureau/Projets en cours/MyTchat/simply-talk/private/node_modules/ejs/package.json
9 verbose read json /home/artiom/Bureau/Projets en cours/MyTchat/simply-talk/private/node_modules/express/package.json
10 verbose read json /home/artiom/Bureau/Projets en cours/MyTchat/simply-talk/private/node_modules/markdown/package.json
11 verbose read json /home/artiom/Bureau/Projets en cours/MyTchat/simply-talk/private/node_modules/mustache/package.json
12 verbose read json /home/artiom/Bureau/Projets en cours/MyTchat/simply-talk/private/node_modules/path/package.json
13 verbose read json /home/artiom/Bureau/Projets en cours/MyTchat/simply-talk/private/node_modules/socket.io/package.json
14 warn package.json mustache@0.7.2 No repository field.
15 verbose from cache /home/artiom/Bureau/Projets en cours/MyTchat/simply-talk/private/package.json
16 verbose readDependencies using package.json deps
17 verbose cache add [ 'fs', null ]
18 verbose cache add name=undefined spec="fs" args=["fs",null]
19 verbose parsed url { protocol: null,
19 verbose parsed url   slashes: null,
19 verbose parsed url   auth: null,
19 verbose parsed url   host: null,
19 verbose parsed url   port: null,
19 verbose parsed url   hostname: null,
19 verbose parsed url   hash: null,
19 verbose parsed url   search: null,
19 verbose parsed url   query: null,
19 verbose parsed url   pathname: 'fs',
19 verbose parsed url   path: 'fs',
19 verbose parsed url   href: 'fs' }
20 silly lockFile 3f4bb586-fs fs
21 verbose lock fs /home/artiom/.npm/3f4bb586-fs.lock
22 silly lockFile 3f4bb586-fs fs
23 silly lockFile 3f4bb586-fs fs
24 verbose addNamed [ 'fs', '' ]
25 verbose addNamed [ null, '' ]
26 silly lockFile a107b96b-fs fs@
27 verbose lock fs@ /home/artiom/.npm/a107b96b-fs.lock
28 silly addNameRange { name: 'fs', range: '', hasData: false }
29 verbose url raw fs
30 verbose url resolving [ 'https://registry.npmjs.org/', './fs' ]
31 verbose url resolved https://registry.npmjs.org/fs
32 info trying registry request attempt 1 at 17:26:05
33 http GET https://registry.npmjs.org/fs
34 http 404 https://registry.npmjs.org/fs
35 silly registry.get cb [ 404,
35 silly registry.get   { server: 'CouchDB/1.3.0 (Erlang OTP/R15B03)',
35 silly registry.get     date: 'Sun, 09 Jun 2013 15:26:06 GMT',
35 silly registry.get     'content-type': 'application/json',
35 silly registry.get     'content-length': '52',
35 silly registry.get     'cache-control': 'must-revalidate' } ]
36 silly lockFile a107b96b-fs fs@
37 silly lockFile a107b96b-fs fs@
38 error 404 'fs' is not in the npm registry.
38 error 404 You should bug the author to publish it
38 error 404
38 error 404 Note that you can also install from a
38 error 404 tarball, folder, or http url, or git url.
39 error System Linux 3.2.0-45-generic-pae
40 error command "/usr/bin/node" "/usr/bin/npm" "install" "fs"
41 error cwd /home/artiom/Bureau/Projets en cours/MyTchat/simply-talk/private
42 error node -v v0.10.10
43 error npm -v 1.2.25
44 error code E404
45 verbose exit [ 1, true ]
